Symlinking /home/badr/catkinws/devel/lib/uuv_control_cascaded_pid/PositionControl.py
Symlinking /home/badr/catkinws/devel/lib/uuv_control_cascaded_pid/cmake.lock
Symlinking /home/badr/catkinws/devel/lib/uuv_control_cascaded_pid/VelocityControl.py
Symlinking /home/badr/catkinws/devel/lib/uuv_control_cascaded_pid/AccelerationControl.py
Symlinking /home/badr/catkinws/devel/lib/pkgconfig/uuv_control_cascaded_pid.pc
Symlinking /home/badr/catkinws/devel/lib/python3/dist-packages/uuv_control_cascaded_pid/__init__.py
Symlinking /home/badr/catkinws/devel/lib/python3/dist-packages/uuv_control_cascaded_pid/cfg/PositionControlConfig.py
Symlinking /home/badr/catkinws/devel/lib/python3/dist-packages/uuv_control_cascaded_pid/cfg/AccelerationControlConfig.py
Symlinking /home/badr/catkinws/devel/lib/python3/dist-packages/uuv_control_cascaded_pid/cfg/VelocityControlConfig.py
Symlinking /home/badr/catkinws/devel/lib/python3/dist-packages/uuv_control_cascaded_pid/cfg/__init__.py
Symlinking /home/badr/catkinws/devel/lib/python3/dist-packages/PID/__init__.py
Symlinking /home/badr/catkinws/devel/share/uuv_control_cascaded_pid/docs/PositionControlConfig.wikidoc
Symlinking /home/badr/catkinws/devel/share/uuv_control_cascaded_pid/docs/AccelerationControlConfig.dox
Symlinking /home/badr/catkinws/devel/share/uuv_control_cascaded_pid/docs/VelocityControlConfig-usage.dox
Symlinking /home/badr/catkinws/devel/share/uuv_control_cascaded_pid/docs/PositionControlConfig-usage.dox
Symlinking /home/badr/catkinws/devel/share/uuv_control_cascaded_pid/docs/PositionControlConfig.dox
Symlinking /home/badr/catkinws/devel/share/uuv_control_cascaded_pid/docs/AccelerationControlConfig.wikidoc
Symlinking /home/badr/catkinws/devel/share/uuv_control_cascaded_pid/docs/VelocityControlConfig.wikidoc
Symlinking /home/badr/catkinws/devel/share/uuv_control_cascaded_pid/docs/AccelerationControlConfig-usage.dox
Symlinking /home/badr/catkinws/devel/share/uuv_control_cascaded_pid/docs/VelocityControlConfig.dox
Symlinking /home/badr/catkinws/devel/share/uuv_control_cascaded_pid/cmake/uuv_control_cascaded_pidConfig.cmake
Symlinking /home/badr/catkinws/devel/share/uuv_control_cascaded_pid/cmake/uuv_control_cascaded_pidConfig-version.cmake
Symlinking /home/badr/catkinws/devel/include/uuv_control_cascaded_pid/VelocityControlConfig.h
Symlinking /home/badr/catkinws/devel/include/uuv_control_cascaded_pid/PositionControlConfig.h
Symlinking /home/badr/catkinws/devel/include/uuv_control_cascaded_pid/AccelerationControlConfig.h
