Symlinking /home/badr/catkinws/devel/lib/uuv_auv_control_allocator/cmake.lock
Symlinking /home/badr/catkinws/devel/lib/uuv_auv_control_allocator/control_allocator
Symlinking /home/badr/catkinws/devel/lib/pkgconfig/uuv_auv_control_allocator.pc
Symlinking /home/badr/catkinws/devel/lib/python3/dist-packages/uuv_auv_actuator_interface/__init__.py
Symlinking /home/badr/catkinws/devel/lib/python3/dist-packages/uuv_auv_control_allocator/__init__.py
Symlinking /home/badr/catkinws/devel/lib/python3/dist-packages/uuv_auv_control_allocator/msg/_AUVCommand.py
Symlinking /home/badr/catkinws/devel/lib/python3/dist-packages/uuv_auv_control_allocator/msg/__init__.py
Symlinking /home/badr/catkinws/devel/share/uuv_auv_control_allocator/cmake/uuv_auv_control_allocator-msg-paths.cmake
Symlinking /home/badr/catkinws/devel/share/uuv_auv_control_allocator/cmake/uuv_auv_control_allocatorConfig-version.cmake
Symlinking /home/badr/catkinws/devel/share/uuv_auv_control_allocator/cmake/uuv_auv_control_allocatorConfig.cmake
Symlinking /home/badr/catkinws/devel/share/uuv_auv_control_allocator/cmake/uuv_auv_control_allocator-msg-extras.cmake
Symlinking /home/badr/catkinws/devel/share/roseus/ros/uuv_auv_control_allocator/manifest.l
Symlinking /home/badr/catkinws/devel/share/roseus/ros/uuv_auv_control_allocator/msg/AUVCommand.l
Symlinking /home/badr/catkinws/devel/share/common-lisp/ros/uuv_auv_control_allocator/msg/uuv_auv_control_allocator-msg.asd
Symlinking /home/badr/catkinws/devel/share/common-lisp/ros/uuv_auv_control_allocator/msg/_package.lisp
Symlinking /home/badr/catkinws/devel/share/common-lisp/ros/uuv_auv_control_allocator/msg/_package_AUVCommand.lisp
Symlinking /home/badr/catkinws/devel/share/common-lisp/ros/uuv_auv_control_allocator/msg/AUVCommand.lisp
Symlinking /home/badr/catkinws/devel/share/gennodejs/ros/uuv_auv_control_allocator/_index.js
Symlinking /home/badr/catkinws/devel/share/gennodejs/ros/uuv_auv_control_allocator/msg/_index.js
Symlinking /home/badr/catkinws/devel/share/gennodejs/ros/uuv_auv_control_allocator/msg/AUVCommand.js
Symlinking /home/badr/catkinws/devel/include/uuv_auv_control_allocator/AUVCommand.h
