Symlinking /home/badr/catkinws/devel/lib/pkgconfig/uuv_control_msgs.pc
Symlinking /home/badr/catkinws/devel/lib/python3/dist-packages/uuv_control_msgs/__init__.py
Symlinking /home/badr/catkinws/devel/lib/python3/dist-packages/uuv_control_msgs/msg/_WaypointSet.py
Symlinking /home/badr/catkinws/devel/lib/python3/dist-packages/uuv_control_msgs/msg/__init__.py
Symlinking /home/badr/catkinws/devel/lib/python3/dist-packages/uuv_control_msgs/msg/_Waypoint.py
Symlinking /home/badr/catkinws/devel/lib/python3/dist-packages/uuv_control_msgs/msg/_TrajectoryPoint.py
Symlinking /home/badr/catkinws/devel/lib/python3/dist-packages/uuv_control_msgs/msg/_Trajectory.py
Symlinking /home/badr/catkinws/devel/lib/python3/dist-packages/uuv_control_msgs/srv/_SetPIDParams.py
Symlinking /home/badr/catkinws/devel/lib/python3/dist-packages/uuv_control_msgs/srv/_GetPIDParams.py
Symlinking /home/badr/catkinws/devel/lib/python3/dist-packages/uuv_control_msgs/srv/_GoTo.py
Symlinking /home/badr/catkinws/devel/lib/python3/dist-packages/uuv_control_msgs/srv/_GoToIncremental.py
Symlinking /home/badr/catkinws/devel/lib/python3/dist-packages/uuv_control_msgs/srv/_GetSMControllerParams.py
Symlinking /home/badr/catkinws/devel/lib/python3/dist-packages/uuv_control_msgs/srv/_InitWaypointsFromFile.py
Symlinking /home/badr/catkinws/devel/lib/python3/dist-packages/uuv_control_msgs/srv/_InitHelicalTrajectory.py
Symlinking /home/badr/catkinws/devel/lib/python3/dist-packages/uuv_control_msgs/srv/_InitRectTrajectory.py
Symlinking /home/badr/catkinws/devel/lib/python3/dist-packages/uuv_control_msgs/srv/_SetSMControllerParams.py
Symlinking /home/badr/catkinws/devel/lib/python3/dist-packages/uuv_control_msgs/srv/_AddWaypoint.py
Symlinking /home/badr/catkinws/devel/lib/python3/dist-packages/uuv_control_msgs/srv/_IsRunningTrajectory.py
Symlinking /home/badr/catkinws/devel/lib/python3/dist-packages/uuv_control_msgs/srv/_SwitchToAutomatic.py
Symlinking /home/badr/catkinws/devel/lib/python3/dist-packages/uuv_control_msgs/srv/_GetWaypoints.py
Symlinking /home/badr/catkinws/devel/lib/python3/dist-packages/uuv_control_msgs/srv/_StartTrajectory.py
Symlinking /home/badr/catkinws/devel/lib/python3/dist-packages/uuv_control_msgs/srv/_InitCircularTrajectory.py
Symlinking /home/badr/catkinws/devel/lib/python3/dist-packages/uuv_control_msgs/srv/_SwitchToManual.py
Symlinking /home/badr/catkinws/devel/lib/python3/dist-packages/uuv_control_msgs/srv/_SetMBSMControllerParams.py
Symlinking /home/badr/catkinws/devel/lib/python3/dist-packages/uuv_control_msgs/srv/_ResetController.py
Symlinking /home/badr/catkinws/devel/lib/python3/dist-packages/uuv_control_msgs/srv/__init__.py
Symlinking /home/badr/catkinws/devel/lib/python3/dist-packages/uuv_control_msgs/srv/_Hold.py
Symlinking /home/badr/catkinws/devel/lib/python3/dist-packages/uuv_control_msgs/srv/_ClearWaypoints.py
Symlinking /home/badr/catkinws/devel/lib/python3/dist-packages/uuv_control_msgs/srv/_GetMBSMControllerParams.py
Symlinking /home/badr/catkinws/devel/lib/python3/dist-packages/uuv_control_msgs/srv/_InitWaypointSet.py
Symlinking /home/badr/catkinws/devel/share/uuv_control_msgs/cmake/uuv_control_msgs-msg-paths.cmake
Symlinking /home/badr/catkinws/devel/share/uuv_control_msgs/cmake/uuv_control_msgsConfig-version.cmake
Symlinking /home/badr/catkinws/devel/share/uuv_control_msgs/cmake/uuv_control_msgs-msg-extras.cmake
Symlinking /home/badr/catkinws/devel/share/uuv_control_msgs/cmake/uuv_control_msgsConfig.cmake
Symlinking /home/badr/catkinws/devel/share/roseus/ros/uuv_control_msgs/manifest.l
Symlinking /home/badr/catkinws/devel/share/roseus/ros/uuv_control_msgs/msg/Waypoint.l
Symlinking /home/badr/catkinws/devel/share/roseus/ros/uuv_control_msgs/msg/WaypointSet.l
Symlinking /home/badr/catkinws/devel/share/roseus/ros/uuv_control_msgs/msg/TrajectoryPoint.l
Symlinking /home/badr/catkinws/devel/share/roseus/ros/uuv_control_msgs/msg/Trajectory.l
Symlinking /home/badr/catkinws/devel/share/roseus/ros/uuv_control_msgs/srv/SetMBSMControllerParams.l
Symlinking /home/badr/catkinws/devel/share/roseus/ros/uuv_control_msgs/srv/ClearWaypoints.l
Symlinking /home/badr/catkinws/devel/share/roseus/ros/uuv_control_msgs/srv/GoTo.l
Symlinking /home/badr/catkinws/devel/share/roseus/ros/uuv_control_msgs/srv/AddWaypoint.l
Symlinking /home/badr/catkinws/devel/share/roseus/ros/uuv_control_msgs/srv/GoToIncremental.l
Symlinking /home/badr/catkinws/devel/share/roseus/ros/uuv_control_msgs/srv/InitCircularTrajectory.l
Symlinking /home/badr/catkinws/devel/share/roseus/ros/uuv_control_msgs/srv/Hold.l
Symlinking /home/badr/catkinws/devel/share/roseus/ros/uuv_control_msgs/srv/InitWaypointsFromFile.l
Symlinking /home/badr/catkinws/devel/share/roseus/ros/uuv_control_msgs/srv/InitWaypointSet.l
Symlinking /home/badr/catkinws/devel/share/roseus/ros/uuv_control_msgs/srv/GetSMControllerParams.l
Symlinking /home/badr/catkinws/devel/share/roseus/ros/uuv_control_msgs/srv/SwitchToAutomatic.l
Symlinking /home/badr/catkinws/devel/share/roseus/ros/uuv_control_msgs/srv/InitHelicalTrajectory.l
Symlinking /home/badr/catkinws/devel/share/roseus/ros/uuv_control_msgs/srv/InitRectTrajectory.l
Symlinking /home/badr/catkinws/devel/share/roseus/ros/uuv_control_msgs/srv/GetMBSMControllerParams.l
Symlinking /home/badr/catkinws/devel/share/roseus/ros/uuv_control_msgs/srv/StartTrajectory.l
Symlinking /home/badr/catkinws/devel/share/roseus/ros/uuv_control_msgs/srv/SwitchToManual.l
Symlinking /home/badr/catkinws/devel/share/roseus/ros/uuv_control_msgs/srv/GetPIDParams.l
Symlinking /home/badr/catkinws/devel/share/roseus/ros/uuv_control_msgs/srv/IsRunningTrajectory.l
Symlinking /home/badr/catkinws/devel/share/roseus/ros/uuv_control_msgs/srv/SetPIDParams.l
Symlinking /home/badr/catkinws/devel/share/roseus/ros/uuv_control_msgs/srv/SetSMControllerParams.l
Symlinking /home/badr/catkinws/devel/share/roseus/ros/uuv_control_msgs/srv/GetWaypoints.l
Symlinking /home/badr/catkinws/devel/share/roseus/ros/uuv_control_msgs/srv/ResetController.l
Symlinking /home/badr/catkinws/devel/share/common-lisp/ros/uuv_control_msgs/msg/_package_TrajectoryPoint.lisp
Symlinking /home/badr/catkinws/devel/share/common-lisp/ros/uuv_control_msgs/msg/_package.lisp
Symlinking /home/badr/catkinws/devel/share/common-lisp/ros/uuv_control_msgs/msg/_package_WaypointSet.lisp
Symlinking /home/badr/catkinws/devel/share/common-lisp/ros/uuv_control_msgs/msg/TrajectoryPoint.lisp
Symlinking /home/badr/catkinws/devel/share/common-lisp/ros/uuv_control_msgs/msg/_package_Trajectory.lisp
Symlinking /home/badr/catkinws/devel/share/common-lisp/ros/uuv_control_msgs/msg/Waypoint.lisp
Symlinking /home/badr/catkinws/devel/share/common-lisp/ros/uuv_control_msgs/msg/Trajectory.lisp
Symlinking /home/badr/catkinws/devel/share/common-lisp/ros/uuv_control_msgs/msg/_package_Waypoint.lisp
Symlinking /home/badr/catkinws/devel/share/common-lisp/ros/uuv_control_msgs/msg/WaypointSet.lisp
Symlinking /home/badr/catkinws/devel/share/common-lisp/ros/uuv_control_msgs/msg/uuv_control_msgs-msg.asd
Symlinking /home/badr/catkinws/devel/share/common-lisp/ros/uuv_control_msgs/srv/InitWaypointSet.lisp
Symlinking /home/badr/catkinws/devel/share/common-lisp/ros/uuv_control_msgs/srv/ResetController.lisp
Symlinking /home/badr/catkinws/devel/share/common-lisp/ros/uuv_control_msgs/srv/GetMBSMControllerParams.lisp
Symlinking /home/badr/catkinws/devel/share/common-lisp/ros/uuv_control_msgs/srv/Hold.lisp
Symlinking /home/badr/catkinws/devel/share/common-lisp/ros/uuv_control_msgs/srv/IsRunningTrajectory.lisp
Symlinking /home/badr/catkinws/devel/share/common-lisp/ros/uuv_control_msgs/srv/_package_GoToIncremental.lisp
Symlinking /home/badr/catkinws/devel/share/common-lisp/ros/uuv_control_msgs/srv/SwitchToManual.lisp
Symlinking /home/badr/catkinws/devel/share/common-lisp/ros/uuv_control_msgs/srv/_package_AddWaypoint.lisp
Symlinking /home/badr/catkinws/devel/share/common-lisp/ros/uuv_control_msgs/srv/StartTrajectory.lisp
Symlinking /home/badr/catkinws/devel/share/common-lisp/ros/uuv_control_msgs/srv/_package_InitWaypointsFromFile.lisp
Symlinking /home/badr/catkinws/devel/share/common-lisp/ros/uuv_control_msgs/srv/ClearWaypoints.lisp
Symlinking /home/badr/catkinws/devel/share/common-lisp/ros/uuv_control_msgs/srv/_package.lisp
Symlinking /home/badr/catkinws/devel/share/common-lisp/ros/uuv_control_msgs/srv/InitHelicalTrajectory.lisp
Symlinking /home/badr/catkinws/devel/share/common-lisp/ros/uuv_control_msgs/srv/_package_SetPIDParams.lisp
Symlinking /home/badr/catkinws/devel/share/common-lisp/ros/uuv_control_msgs/srv/GoToIncremental.lisp
Symlinking /home/badr/catkinws/devel/share/common-lisp/ros/uuv_control_msgs/srv/_package_InitCircularTrajectory.lisp
Symlinking /home/badr/catkinws/devel/share/common-lisp/ros/uuv_control_msgs/srv/_package_SwitchToAutomatic.lisp
Symlinking /home/badr/catkinws/devel/share/common-lisp/ros/uuv_control_msgs/srv/GetPIDParams.lisp
Symlinking /home/badr/catkinws/devel/share/common-lisp/ros/uuv_control_msgs/srv/_package_StartTrajectory.lisp
Symlinking /home/badr/catkinws/devel/share/common-lisp/ros/uuv_control_msgs/srv/SetSMControllerParams.lisp
Symlinking /home/badr/catkinws/devel/share/common-lisp/ros/uuv_control_msgs/srv/SetMBSMControllerParams.lisp
Symlinking /home/badr/catkinws/devel/share/common-lisp/ros/uuv_control_msgs/srv/_package_GetWaypoints.lisp
Symlinking /home/badr/catkinws/devel/share/common-lisp/ros/uuv_control_msgs/srv/_package_GetSMControllerParams.lisp
Symlinking /home/badr/catkinws/devel/share/common-lisp/ros/uuv_control_msgs/srv/uuv_control_msgs-srv.asd
Symlinking /home/badr/catkinws/devel/share/common-lisp/ros/uuv_control_msgs/srv/SwitchToAutomatic.lisp
Symlinking /home/badr/catkinws/devel/share/common-lisp/ros/uuv_control_msgs/srv/_package_InitHelicalTrajectory.lisp
Symlinking /home/badr/catkinws/devel/share/common-lisp/ros/uuv_control_msgs/srv/InitRectTrajectory.lisp
Symlinking /home/badr/catkinws/devel/share/common-lisp/ros/uuv_control_msgs/srv/SetPIDParams.lisp
Symlinking /home/badr/catkinws/devel/share/common-lisp/ros/uuv_control_msgs/srv/_package_GetMBSMControllerParams.lisp
Symlinking /home/badr/catkinws/devel/share/common-lisp/ros/uuv_control_msgs/srv/_package_IsRunningTrajectory.lisp
Symlinking /home/badr/catkinws/devel/share/common-lisp/ros/uuv_control_msgs/srv/InitCircularTrajectory.lisp
Symlinking /home/badr/catkinws/devel/share/common-lisp/ros/uuv_control_msgs/srv/_package_SetSMControllerParams.lisp
Symlinking /home/badr/catkinws/devel/share/common-lisp/ros/uuv_control_msgs/srv/GetSMControllerParams.lisp
Symlinking /home/badr/catkinws/devel/share/common-lisp/ros/uuv_control_msgs/srv/_package_ClearWaypoints.lisp
Symlinking /home/badr/catkinws/devel/share/common-lisp/ros/uuv_control_msgs/srv/_package_InitWaypointSet.lisp
Symlinking /home/badr/catkinws/devel/share/common-lisp/ros/uuv_control_msgs/srv/GoTo.lisp
Symlinking /home/badr/catkinws/devel/share/common-lisp/ros/uuv_control_msgs/srv/InitWaypointsFromFile.lisp
Symlinking /home/badr/catkinws/devel/share/common-lisp/ros/uuv_control_msgs/srv/_package_GoTo.lisp
Symlinking /home/badr/catkinws/devel/share/common-lisp/ros/uuv_control_msgs/srv/AddWaypoint.lisp
Symlinking /home/badr/catkinws/devel/share/common-lisp/ros/uuv_control_msgs/srv/_package_SwitchToManual.lisp
Symlinking /home/badr/catkinws/devel/share/common-lisp/ros/uuv_control_msgs/srv/GetWaypoints.lisp
Symlinking /home/badr/catkinws/devel/share/common-lisp/ros/uuv_control_msgs/srv/_package_Hold.lisp
Symlinking /home/badr/catkinws/devel/share/common-lisp/ros/uuv_control_msgs/srv/_package_SetMBSMControllerParams.lisp
Symlinking /home/badr/catkinws/devel/share/common-lisp/ros/uuv_control_msgs/srv/_package_GetPIDParams.lisp
Symlinking /home/badr/catkinws/devel/share/common-lisp/ros/uuv_control_msgs/srv/_package_InitRectTrajectory.lisp
Symlinking /home/badr/catkinws/devel/share/common-lisp/ros/uuv_control_msgs/srv/_package_ResetController.lisp
Symlinking /home/badr/catkinws/devel/share/gennodejs/ros/uuv_control_msgs/_index.js
Symlinking /home/badr/catkinws/devel/share/gennodejs/ros/uuv_control_msgs/msg/WaypointSet.js
Symlinking /home/badr/catkinws/devel/share/gennodejs/ros/uuv_control_msgs/msg/Trajectory.js
Symlinking /home/badr/catkinws/devel/share/gennodejs/ros/uuv_control_msgs/msg/Waypoint.js
Symlinking /home/badr/catkinws/devel/share/gennodejs/ros/uuv_control_msgs/msg/TrajectoryPoint.js
Symlinking /home/badr/catkinws/devel/share/gennodejs/ros/uuv_control_msgs/msg/_index.js
Symlinking /home/badr/catkinws/devel/share/gennodejs/ros/uuv_control_msgs/srv/InitHelicalTrajectory.js
Symlinking /home/badr/catkinws/devel/share/gennodejs/ros/uuv_control_msgs/srv/GetMBSMControllerParams.js
Symlinking /home/badr/catkinws/devel/share/gennodejs/ros/uuv_control_msgs/srv/Hold.js
Symlinking /home/badr/catkinws/devel/share/gennodejs/ros/uuv_control_msgs/srv/GoTo.js
Symlinking /home/badr/catkinws/devel/share/gennodejs/ros/uuv_control_msgs/srv/SwitchToManual.js
Symlinking /home/badr/catkinws/devel/share/gennodejs/ros/uuv_control_msgs/srv/SetMBSMControllerParams.js
Symlinking /home/badr/catkinws/devel/share/gennodejs/ros/uuv_control_msgs/srv/ResetController.js
Symlinking /home/badr/catkinws/devel/share/gennodejs/ros/uuv_control_msgs/srv/IsRunningTrajectory.js
Symlinking /home/badr/catkinws/devel/share/gennodejs/ros/uuv_control_msgs/srv/StartTrajectory.js
Symlinking /home/badr/catkinws/devel/share/gennodejs/ros/uuv_control_msgs/srv/GetWaypoints.js
Symlinking /home/badr/catkinws/devel/share/gennodejs/ros/uuv_control_msgs/srv/InitWaypointSet.js
Symlinking /home/badr/catkinws/devel/share/gennodejs/ros/uuv_control_msgs/srv/ClearWaypoints.js
Symlinking /home/badr/catkinws/devel/share/gennodejs/ros/uuv_control_msgs/srv/AddWaypoint.js
Symlinking /home/badr/catkinws/devel/share/gennodejs/ros/uuv_control_msgs/srv/SetSMControllerParams.js
Symlinking /home/badr/catkinws/devel/share/gennodejs/ros/uuv_control_msgs/srv/GetPIDParams.js
Symlinking /home/badr/catkinws/devel/share/gennodejs/ros/uuv_control_msgs/srv/SetPIDParams.js
Symlinking /home/badr/catkinws/devel/share/gennodejs/ros/uuv_control_msgs/srv/SwitchToAutomatic.js
Symlinking /home/badr/catkinws/devel/share/gennodejs/ros/uuv_control_msgs/srv/InitWaypointsFromFile.js
Symlinking /home/badr/catkinws/devel/share/gennodejs/ros/uuv_control_msgs/srv/InitCircularTrajectory.js
Symlinking /home/badr/catkinws/devel/share/gennodejs/ros/uuv_control_msgs/srv/GoToIncremental.js
Symlinking /home/badr/catkinws/devel/share/gennodejs/ros/uuv_control_msgs/srv/GetSMControllerParams.js
Symlinking /home/badr/catkinws/devel/share/gennodejs/ros/uuv_control_msgs/srv/InitRectTrajectory.js
Symlinking /home/badr/catkinws/devel/share/gennodejs/ros/uuv_control_msgs/srv/_index.js
Symlinking /home/badr/catkinws/devel/include/uuv_control_msgs/GoToRequest.h
Symlinking /home/badr/catkinws/devel/include/uuv_control_msgs/GetPIDParamsResponse.h
Symlinking /home/badr/catkinws/devel/include/uuv_control_msgs/InitWaypointSetRequest.h
Symlinking /home/badr/catkinws/devel/include/uuv_control_msgs/StartTrajectoryRequest.h
Symlinking /home/badr/catkinws/devel/include/uuv_control_msgs/GoToIncremental.h
Symlinking /home/badr/catkinws/devel/include/uuv_control_msgs/HoldResponse.h
Symlinking /home/badr/catkinws/devel/include/uuv_control_msgs/ClearWaypointsResponse.h
Symlinking /home/badr/catkinws/devel/include/uuv_control_msgs/GetPIDParams.h
Symlinking /home/badr/catkinws/devel/include/uuv_control_msgs/SetPIDParamsResponse.h
Symlinking /home/badr/catkinws/devel/include/uuv_control_msgs/IsRunningTrajectoryResponse.h
Symlinking /home/badr/catkinws/devel/include/uuv_control_msgs/Trajectory.h
Symlinking /home/badr/catkinws/devel/include/uuv_control_msgs/InitWaypointsFromFileRequest.h
Symlinking /home/badr/catkinws/devel/include/uuv_control_msgs/ResetControllerRequest.h
Symlinking /home/badr/catkinws/devel/include/uuv_control_msgs/GoToResponse.h
Symlinking /home/badr/catkinws/devel/include/uuv_control_msgs/SwitchToAutomaticRequest.h
Symlinking /home/badr/catkinws/devel/include/uuv_control_msgs/InitHelicalTrajectoryRequest.h
Symlinking /home/badr/catkinws/devel/include/uuv_control_msgs/HoldRequest.h
Symlinking /home/badr/catkinws/devel/include/uuv_control_msgs/SwitchToManualRequest.h
Symlinking /home/badr/catkinws/devel/include/uuv_control_msgs/Hold.h
Symlinking /home/badr/catkinws/devel/include/uuv_control_msgs/SwitchToAutomatic.h
Symlinking /home/badr/catkinws/devel/include/uuv_control_msgs/SetMBSMControllerParamsRequest.h
Symlinking /home/badr/catkinws/devel/include/uuv_control_msgs/WaypointSet.h
Symlinking /home/badr/catkinws/devel/include/uuv_control_msgs/GetMBSMControllerParamsRequest.h
Symlinking /home/badr/catkinws/devel/include/uuv_control_msgs/SwitchToManualResponse.h
Symlinking /home/badr/catkinws/devel/include/uuv_control_msgs/InitWaypointsFromFileResponse.h
Symlinking /home/badr/catkinws/devel/include/uuv_control_msgs/InitRectTrajectory.h
Symlinking /home/badr/catkinws/devel/include/uuv_control_msgs/GetMBSMControllerParams.h
Symlinking /home/badr/catkinws/devel/include/uuv_control_msgs/GoToIncrementalRequest.h
Symlinking /home/badr/catkinws/devel/include/uuv_control_msgs/SwitchToAutomaticResponse.h
Symlinking /home/badr/catkinws/devel/include/uuv_control_msgs/GetMBSMControllerParamsResponse.h
Symlinking /home/badr/catkinws/devel/include/uuv_control_msgs/InitWaypointSet.h
Symlinking /home/badr/catkinws/devel/include/uuv_control_msgs/AddWaypointRequest.h
Symlinking /home/badr/catkinws/devel/include/uuv_control_msgs/GetWaypointsResponse.h
Symlinking /home/badr/catkinws/devel/include/uuv_control_msgs/InitCircularTrajectory.h
Symlinking /home/badr/catkinws/devel/include/uuv_control_msgs/ResetControllerResponse.h
Symlinking /home/badr/catkinws/devel/include/uuv_control_msgs/SetMBSMControllerParams.h
Symlinking /home/badr/catkinws/devel/include/uuv_control_msgs/SetSMControllerParamsRequest.h
Symlinking /home/badr/catkinws/devel/include/uuv_control_msgs/InitHelicalTrajectoryResponse.h
Symlinking /home/badr/catkinws/devel/include/uuv_control_msgs/InitHelicalTrajectory.h
Symlinking /home/badr/catkinws/devel/include/uuv_control_msgs/InitWaypointSetResponse.h
Symlinking /home/badr/catkinws/devel/include/uuv_control_msgs/InitWaypointsFromFile.h
Symlinking /home/badr/catkinws/devel/include/uuv_control_msgs/InitCircularTrajectoryRequest.h
Symlinking /home/badr/catkinws/devel/include/uuv_control_msgs/GetPIDParamsRequest.h
Symlinking /home/badr/catkinws/devel/include/uuv_control_msgs/Waypoint.h
Symlinking /home/badr/catkinws/devel/include/uuv_control_msgs/StartTrajectoryResponse.h
Symlinking /home/badr/catkinws/devel/include/uuv_control_msgs/SetPIDParams.h
Symlinking /home/badr/catkinws/devel/include/uuv_control_msgs/SetMBSMControllerParamsResponse.h
Symlinking /home/badr/catkinws/devel/include/uuv_control_msgs/StartTrajectory.h
Symlinking /home/badr/catkinws/devel/include/uuv_control_msgs/TrajectoryPoint.h
Symlinking /home/badr/catkinws/devel/include/uuv_control_msgs/IsRunningTrajectory.h
Symlinking /home/badr/catkinws/devel/include/uuv_control_msgs/InitRectTrajectoryResponse.h
Symlinking /home/badr/catkinws/devel/include/uuv_control_msgs/AddWaypointResponse.h
Symlinking /home/badr/catkinws/devel/include/uuv_control_msgs/GetSMControllerParamsRequest.h
Symlinking /home/badr/catkinws/devel/include/uuv_control_msgs/ClearWaypoints.h
Symlinking /home/badr/catkinws/devel/include/uuv_control_msgs/InitRectTrajectoryRequest.h
Symlinking /home/badr/catkinws/devel/include/uuv_control_msgs/SetPIDParamsRequest.h
Symlinking /home/badr/catkinws/devel/include/uuv_control_msgs/AddWaypoint.h
Symlinking /home/badr/catkinws/devel/include/uuv_control_msgs/InitCircularTrajectoryResponse.h
Symlinking /home/badr/catkinws/devel/include/uuv_control_msgs/IsRunningTrajectoryRequest.h
Symlinking /home/badr/catkinws/devel/include/uuv_control_msgs/SwitchToManual.h
Symlinking /home/badr/catkinws/devel/include/uuv_control_msgs/GoToIncrementalResponse.h
Symlinking /home/badr/catkinws/devel/include/uuv_control_msgs/GetWaypointsRequest.h
Symlinking /home/badr/catkinws/devel/include/uuv_control_msgs/SetSMControllerParams.h
Symlinking /home/badr/catkinws/devel/include/uuv_control_msgs/ResetController.h
Symlinking /home/badr/catkinws/devel/include/uuv_control_msgs/GetSMControllerParamsResponse.h
Symlinking /home/badr/catkinws/devel/include/uuv_control_msgs/SetSMControllerParamsResponse.h
Symlinking /home/badr/catkinws/devel/include/uuv_control_msgs/GetWaypoints.h
Symlinking /home/badr/catkinws/devel/include/uuv_control_msgs/ClearWaypointsRequest.h
Symlinking /home/badr/catkinws/devel/include/uuv_control_msgs/GetSMControllerParams.h
Symlinking /home/badr/catkinws/devel/include/uuv_control_msgs/GoTo.h
